<?xml version="1.0" encoding="UTF-8"?>
<!-- Generated by org.testng.reporters.JUnitXMLReporter -->
<testsuite ignored="0" hostname="LAPTOP-PU8VKKP8" failures="0" tests="6" name="Test" time="0.034" errors="0" timestamp="2022-08-15T13:57:02 IST">
  <testcase classname="qaclickacademy.MavenJavaLearn.SeleniumTest" name="SeleniumAutomation" time="0.005"/>
  <testcase classname="qaclickacademy.MavenJavaLearn.SeleniumTest" name="SeleniumList" time="0.001"/>
  <testcase classname="qaclickacademy.MavenJavaLearn.AppiumTest" name="AppiumAutomation" time="0.001"/>
  <testcase classname="qaclickacademy.MavenJavaLearn.AppiumTest" name="AppiumElementsList" time="0.0"/>
  <testcase classname="qaclickacademy.MavenJavaLearn.RESTAPITest" name="ApiAutomation" time="0.001"/>
  <testcase classname="qaclickacademy.MavenJavaLearn.RESTAPITest" name="ApiElementsList" time="0.0"/>
</testsuite> <!-- Test -->
